<?xml version="1.0" encoding="UTF-8"?>
<!-- Generated by org.testng.reporters.JUnitReportReporter -->
<testsuite hostname="C02Q12N8FVH6-Cristian-Ivan.local" name="com.example.tests.HomeworkTest" tests="1" failures="0" timestamp="29 Nov 2016 12:48:27 GMT" time="18.470" errors="0">
  <testcase name="testHomework" time="18.470" classname="com.example.tests.HomeworkTest"/>
</testsuite> <!-- com.example.tests.HomeworkTest -->
